<?xml version="1.0" encoding="UTF-8"?>
<!-- Generated by org.testng.reporters.JUnitXMLReporter -->
<testsuite ignored="5" hostname="DESKTOP-L273GQF" failures="0" tests="1" name="Default test" time="15.614" errors="0" timestamp="2024-05-31T10:47:24 IST">
  <testcase classname="Test.LanguagesTest" name="searchByNameValidTest" time="2.359"/>
  <testcase classname="Test.LanguagesTest" name="searchButtonTest" time="0.0">
    <ignored/>
  </testcase> <!-- searchButtonTest -->
  <testcase classname="Test.LanguagesTest" name="addButtonTest" time="0.0">
    <ignored/>
  </testcase> <!-- addButtonTest -->
  <testcase classname="Test.LanguagesTest" name="searchByIdInvalidTest" time="0.0">
    <ignored/>
  </testcase> <!-- searchByIdInvalidTest -->
  <testcase classname="Test.LanguagesTest" name="deleteButtonTest" time="0.0">
    <ignored/>
  </testcase> <!-- deleteButtonTest -->
  <testcase classname="Test.LanguagesTest" name="searchByIdValidTest" time="0.0">
    <ignored/>
  </testcase> <!-- searchByIdValidTest -->
</testsuite> <!-- Default test -->
