<?xml version="1.0" encoding="UTF-8"?>
<!-- Generated by org.testng.reporters.JUnitXMLReporter -->
<testsuite ignored="0" hostname="DESKTOP-L273GQF" failures="0" tests="6" name="Default test" time="96.156" errors="0" timestamp="2024-05-23T18:19:13 IST">
  <testcase classname="Test.LanguagesTest" name="addButtonTest" time="1.795"/>
  <testcase classname="Test.LanguagesTest" name="deleteButtonTest" time="0.276"/>
  <testcase classname="Test.LanguagesTest" name="searchButtonTest" time="2.51"/>
  <testcase classname="Test.LanguagesTest" name="searchByIdInvalidTest" time="2.282"/>
  <testcase classname="Test.LanguagesTest" name="searchByIdValidTest" time="2.524"/>
  <testcase classname="Test.LanguagesTest" name="searchByNameValidTest" time="2.468"/>
</testsuite> <!-- Default test -->
