<?xml version="1.0" encoding="UTF-8"?>
<!-- Generated by org.testng.reporters.JUnitXMLReporter -->
<testsuite ignored="0" hostname="DESKTOP-L273GQF" failures="0" tests="1" name="Test" time="10.125" errors="0" timestamp="2024-05-22T19:14:48 IST">
  <testcase classname="Test.SkillTest" name="@BeforeMethod setup" time="10.044">
    <failure type="java.lang.NullPointerException" message="Cannot invoke &amp;quot;org.openqa.selenium.interactions.Actions.moveToElement(org.openqa.selenium.WebElement)&amp;quot; because &amp;quot;this.action&amp;quot; is null">
      <![CDATA[java.lang.NullPointerException: Cannot invoke "org.openqa.selenium.interactions.Actions.moveToElement(org.openqa.selenium.WebElement)" because "this.action" is null
at Pages.SkillPage.go_to_Admin_Dropdown(SkillPage.java:72)
at Test.SkillTest.setup(SkillTest.java:27)
at java.base/java.util.ArrayList.forEach(ArrayList.java:1511)
... Removed 31 stack frames]]>
    </failure>
  </testcase> <!-- @BeforeMethod setup -->
  <testcase classname="Test.SkillTest" name="@AfterMethod teardown" time="0.0">
    <skipped/>
  </testcase> <!-- @AfterMethod teardown -->
  <testcase classname="Test.SkillTest" name="addButtonTest" time="0.0">
    <skipped/>
  </testcase> <!-- addButtonTest -->
</testsuite> <!-- Test -->
