<?xml version="1.0" encoding="UTF-8"?>
<testng-results ignored="5" total="6" passed="1" failed="0" skipped="0">
  <reporter-output>
  </reporter-output>
  <suite started-at="2024-05-31T10:47:09 IST" name="Default suite" finished-at="2024-05-31T10:47:24 IST" duration-ms="15614">
    <groups>
    </groups>
    <test started-at="2024-05-31T10:47:09 IST" name="Default test" finished-at="2024-05-31T10:47:24 IST" duration-ms="15614">
      <class name="Test.LanguagesTest">
        <test-method is-config="true" signature="setup()[pri:0, instance:Test.LanguagesTest@4b8ee4de]" started-at="2024-05-31T10:47:09 IST" name="setup" finished-at="2024-05-31T10:47:21 IST" duration-ms="12024" status="PASS">
          <reporter-output>
          </reporter-output>
        </test-method> <!-- setup -->
        <test-method signature="searchByNameValidTest()[pri:6, instance:Test.LanguagesTest@4b8ee4de]" started-at="2024-05-31T10:47:21 IST" name="searchByNameValidTest" finished-at="2024-05-31T10:47:23 IST" duration-ms="2359" status="PASS">
          <reporter-output>
          </reporter-output>
        </test-method> <!-- searchByNameValidTest -->
        <test-method is-config="true" signature="teardown()[pri:0, instance:Test.LanguagesTest@4b8ee4de]" started-at="2024-05-31T10:47:23 IST" name="teardown" finished-at="2024-05-31T10:47:24 IST" duration-ms="1161" status="PASS">
          <reporter-output>
          </reporter-output>
        </test-method> <!-- teardown -->
      </class> <!-- Test.LanguagesTest -->
    </test> <!-- Default test -->
  </suite> <!-- Default suite -->
</testng-results>
