<?xml version="1.0" encoding="UTF-8"?>
<testng-results ignored="0" total="6" passed="6" failed="0" skipped="0">
  <reporter-output>
  </reporter-output>
  <suite started-at="2024-05-23T18:17:37 IST" name="Default suite" finished-at="2024-05-23T18:19:13 IST" duration-ms="96156">
    <groups>
    </groups>
    <test started-at="2024-05-23T18:17:37 IST" name="Default test" finished-at="2024-05-23T18:19:13 IST" duration-ms="96156">
      <class name="Test.LanguagesTest">
        <test-method is-config="true" signature="setup()[pri:0, instance:Test.LanguagesTest@47e2e487]" started-at="2024-05-23T18:17:37 IST" name="setup" finished-at="2024-05-23T18:17:51 IST" duration-ms="13633" status="PASS">
          <reporter-output>
          </reporter-output>
        </test-method> <!-- setup -->
        <test-method signature="addButtonTest()[pri:1, instance:Test.LanguagesTest@47e2e487]" started-at="2024-05-23T18:17:51 IST" name="addButtonTest" finished-at="2024-05-23T18:17:53 IST" duration-ms="1795" status="PASS">
          <reporter-output>
          </reporter-output>
        </test-method> <!-- addButtonTest -->
        <test-method is-config="true" signature="teardown()[pri:0, instance:Test.LanguagesTest@47e2e487]" started-at="2024-05-23T18:17:53 IST" name="teardown" finished-at="2024-05-23T18:17:54 IST" duration-ms="1074" status="PASS">
          <reporter-output>
          </reporter-output>
        </test-method> <!-- teardown -->
        <test-method is-config="true" signature="setup()[pri:0, instance:Test.LanguagesTest@47e2e487]" started-at="2024-05-23T18:17:54 IST" name="setup" finished-at="2024-05-23T18:18:07 IST" duration-ms="12958" status="PASS">
          <reporter-output>
          </reporter-output>
        </test-method> <!-- setup -->
        <test-method signature="deleteButtonTest()[pri:2, instance:Test.LanguagesTest@47e2e487]" started-at="2024-05-23T18:18:07 IST" name="deleteButtonTest" finished-at="2024-05-23T18:18:07 IST" duration-ms="276" status="PASS">
          <reporter-output>
          </reporter-output>
        </test-method> <!-- deleteButtonTest -->
        <test-method is-config="true" signature="teardown()[pri:0, instance:Test.LanguagesTest@47e2e487]" started-at="2024-05-23T18:18:07 IST" name="teardown" finished-at="2024-05-23T18:18:08 IST" duration-ms="905" status="PASS">
          <reporter-output>
          </reporter-output>
        </test-method> <!-- teardown -->
        <test-method is-config="true" signature="setup()[pri:0, instance:Test.LanguagesTest@47e2e487]" started-at="2024-05-23T18:18:08 IST" name="setup" finished-at="2024-05-23T18:18:21 IST" duration-ms="12822" status="PASS">
          <reporter-output>
          </reporter-output>
        </test-method> <!-- setup -->
        <test-method signature="searchButtonTest()[pri:3, instance:Test.LanguagesTest@47e2e487]" started-at="2024-05-23T18:18:21 IST" name="searchButtonTest" finished-at="2024-05-23T18:18:23 IST" duration-ms="2510" status="PASS">
          <reporter-output>
          </reporter-output>
        </test-method> <!-- searchButtonTest -->
        <test-method is-config="true" signature="teardown()[pri:0, instance:Test.LanguagesTest@47e2e487]" started-at="2024-05-23T18:18:23 IST" name="teardown" finished-at="2024-05-23T18:18:24 IST" duration-ms="869" status="PASS">
          <reporter-output>
          </reporter-output>
        </test-method> <!-- teardown -->
        <test-method is-config="true" signature="setup()[pri:0, instance:Test.LanguagesTest@47e2e487]" started-at="2024-05-23T18:18:24 IST" name="setup" finished-at="2024-05-23T18:18:37 IST" duration-ms="12669" status="PASS">
          <reporter-output>
          </reporter-output>
        </test-method> <!-- setup -->
        <test-method signature="searchByIdInvalidTest()[pri:4, instance:Test.LanguagesTest@47e2e487]" started-at="2024-05-23T18:18:37 IST" name="searchByIdInvalidTest" finished-at="2024-05-23T18:18:39 IST" duration-ms="2282" status="PASS">
          <reporter-output>
          </reporter-output>
        </test-method> <!-- searchByIdInvalidTest -->
        <test-method is-config="true" signature="teardown()[pri:0, instance:Test.LanguagesTest@47e2e487]" started-at="2024-05-23T18:18:39 IST" name="teardown" finished-at="2024-05-23T18:18:40 IST" duration-ms="1046" status="PASS">
          <reporter-output>
          </reporter-output>
        </test-method> <!-- teardown -->
        <test-method is-config="true" signature="setup()[pri:0, instance:Test.LanguagesTest@47e2e487]" started-at="2024-05-23T18:18:40 IST" name="setup" finished-at="2024-05-23T18:18:53 IST" duration-ms="12693" status="PASS">
          <reporter-output>
          </reporter-output>
        </test-method> <!-- setup -->
        <test-method signature="searchByIdValidTest()[pri:5, instance:Test.LanguagesTest@47e2e487]" started-at="2024-05-23T18:18:53 IST" name="searchByIdValidTest" finished-at="2024-05-23T18:18:55 IST" duration-ms="2524" status="PASS">
          <reporter-output>
          </reporter-output>
        </test-method> <!-- searchByIdValidTest -->
        <test-method is-config="true" signature="teardown()[pri:0, instance:Test.LanguagesTest@47e2e487]" started-at="2024-05-23T18:18:55 IST" name="teardown" finished-at="2024-05-23T18:18:56 IST" duration-ms="986" status="PASS">
          <reporter-output>
          </reporter-output>
        </test-method> <!-- teardown -->
        <test-method is-config="true" signature="setup()[pri:0, instance:Test.LanguagesTest@47e2e487]" started-at="2024-05-23T18:18:56 IST" name="setup" finished-at="2024-05-23T18:19:10 IST" duration-ms="13666" status="PASS">
          <reporter-output>
          </reporter-output>
        </test-method> <!-- setup -->
        <test-method signature="searchByNameValidTest()[pri:6, instance:Test.LanguagesTest@47e2e487]" started-at="2024-05-23T18:19:10 IST" name="searchByNameValidTest" finished-at="2024-05-23T18:19:13 IST" duration-ms="2468" status="PASS">
          <reporter-output>
          </reporter-output>
        </test-method> <!-- searchByNameValidTest -->
        <test-method is-config="true" signature="teardown()[pri:0, instance:Test.LanguagesTest@47e2e487]" started-at="2024-05-23T18:19:13 IST" name="teardown" finished-at="2024-05-23T18:19:13 IST" duration-ms="892" status="PASS">
          <reporter-output>
          </reporter-output>
        </test-method> <!-- teardown -->
      </class> <!-- Test.LanguagesTest -->
    </test> <!-- Default test -->
  </suite> <!-- Default suite -->
</testng-results>
